# JRE version: OpenJDK Runtime Environment Temurin-21.0.8+9 (21.0.8+9) (build 21.0.8+9-LTS)
# Java VM: OpenJDK 64-Bit Server VM Temurin-21.0.8+9 (21.0.8+9-LTS, mixed mode, sharing, tiered, compressed oops, compressed class ptrs, g1 gc, windows-amd64)
GC Precious Log:
 CardTable entry size: 512
 Card Set container configuration: InlinePtr #cards 4 size 8 Array Of Cards #cards 16 size 48 Howl #buckets 8 coarsen threshold 3686 Howl Bitmap #cards 512 size 80 coarsen threshold 460 Card regions per heap region 1 cards per card region 4096
 CPUs: 16 total, 16 available
 Memory: 16087M
 Large Page Support: Disabled
 NUMA Support: Disabled
 Compressed Oops: Enabled (Zero based)
 Heap Region Size: 2M
 Heap Min Capacity: 8M
 Heap Initial Capacity: 252M
 Heap Max Capacity: 4022M
 Pre-touch: Disabled
 Parallel Workers: 13
 Concurrent Workers: 3
 Concurrent Refinement Workers: 13
 Periodic GC: Disabled
Heap:
 garbage-first heap   total 665600K, used 291235K [0x0000000704a00000, 0x0000000800000000)
  region size 2048K, 5 young (10240K), 1 survivors (2048K)
 Metaspace       used 92506K, committed 93312K, reserved 1179648K
  class space    used 11816K, committed 12288K, reserved 1048576K
GC Heap History (20 events):
Event: 8645.085 GC heap before
{Heap before GC invocations=543 (full 0):
 garbage-first heap   total 704512K, used 114255K [0x0000000704a00000, 0x0000000800000000)
  region size 2048K, 2 young (4096K), 1 survivors (2048K)
 Metaspace       used 92253K, committed 93120K, reserved 1179648K
  class space    used 11764K, committed 12288K, reserved 1048576K
}
Event: 8645.087 GC heap after
{Heap after GC invocations=544 (full 0):
 garbage-first heap   total 704512K, used 114506K [0x0000000704a00000, 0x0000000800000000)
  region size 2048K, 1 young (2048K), 1 survivors (2048K)
 Metaspace       used 92253K, committed 93120K, reserved 1179648K
  class space    used 11764K, committed 12288K, reserved 1048576K
}
Event: 8705.048 GC heap before
{Heap before GC invocations=545 (full 0):
 garbage-first heap   total 569344K, used 565066K [0x0000000704a00000, 0x0000000800000000)
  region size 2048K, 7 young (14336K), 1 survivors (2048K)
 Metaspace       used 92253K, committed 93120K, reserved 1179648K
  class space    used 11764K, committed 12288K, reserved 1048576K
}
Event: 8705.051 GC heap after
{Heap after GC invocations=546 (full 0):
 garbage-first heap   total 573440K, used 101957K [0x0000000704a00000, 0x0000000800000000)
  region size 2048K, 1 young (2048K), 1 survivors (2048K)
 Metaspace       used 92253K, committed 93120K, reserved 1179648K
  class space    used 11764K, committed 12288K, reserved 1048576K
}
Event: 8765.073 GC heap before
{Heap before GC invocations=546 (full 0):
 garbage-first heap   total 702464K, used 695877K [0x0000000704a00000, 0x0000000800000000)
  region size 2048K, 9 young (18432K), 1 survivors (2048K)
 Metaspace       used 92253K, committed 93120K, reserved 1179648K
  class space    used 11764K, committed 12288K, reserved 1048576K
}
Event: 8765.076 GC heap after
{Heap after GC invocations=547 (full 0):
 garbage-first heap   total 704512K, used 114307K [0x0000000704a00000, 0x0000000800000000)
  region size 2048K, 1 young (2048K), 1 survivors (2048K)
 Metaspace       used 92253K, committed 93120K, reserved 1179648K
  class space    used 11764K, committed 12288K, reserved 1048576K
}
Event: 8765.076 GC heap before
{Heap before GC invocations=547 (full 0):
 garbage-first heap   total 704512K, used 114307K [0x0000000704a00000, 0x0000000800000000)
  region size 2048K, 2 young (4096K), 1 survivors (2048K)
 Metaspace       used 92253K, committed 93120K, reserved 1179648K
  class space    used 11764K, committed 12288K, reserved 1048576K
}
Event: 8765.077 GC heap after
{Heap after GC invocations=548 (full 0):
 garbage-first heap   total 704512K, used 114555K [0x0000000704a00000, 0x0000000800000000)
  region size 2048K, 1 young (2048K), 1 survivors (2048K)
 Metaspace       used 92253K, committed 93120K, reserved 1179648K
  class space    used 11764K, committed 12288K, reserved 1048576K
}
Event: 8825.054 GC heap before
{Heap before GC invocations=549 (full 0):
 garbage-first heap   total 569344K, used 565115K [0x0000000704a00000, 0x0000000800000000)
  region size 2048K, 7 young (14336K), 1 survivors (2048K)
 Metaspace       used 92253K, committed 93120K, reserved 1179648K
  class space    used 11764K, committed 12288K, reserved 1048576K
}
Event: 8825.056 GC heap after
{Heap after GC invocations=550 (full 0):
 garbage-first heap   total 573440K, used 102005K [0x0000000704a00000, 0x0000000800000000)
  region size 2048K, 1 young (2048K), 1 survivors (2048K)
 Metaspace       used 92253K, committed 93120K, reserved 1179648K
  class space    used 11764K, committed 12288K, reserved 1048576K
}
Event: 8885.080 GC heap before
{Heap before GC invocations=550 (full 0):
 garbage-first heap   total 704512K, used 697973K [0x0000000704a00000, 0x0000000800000000)
  region size 2048K, 10 young (20480K), 1 survivors (2048K)
 Metaspace       used 92253K, committed 93120K, reserved 1179648K
  class space    used 11764K, committed 12288K, reserved 1048576K
}
Event: 8885.083 GC heap after
{Heap after GC invocations=551 (full 0):
 garbage-first heap   total 706560K, used 114386K [0x0000000704a00000, 0x0000000800000000)
  region size 2048K, 1 young (2048K), 1 survivors (2048K)
 Metaspace       used 92253K, committed 93120K, reserved 1179648K
  class space    used 11764K, committed 12288K, reserved 1048576K
}
Event: 8885.083 GC heap before
{Heap before GC invocations=551 (full 0):
 garbage-first heap   total 706560K, used 114386K [0x0000000704a00000, 0x0000000800000000)
  region size 2048K, 2 young (4096K), 1 survivors (2048K)
 Metaspace       used 92253K, committed 93120K, reserved 1179648K
  class space    used 11764K, committed 12288K, reserved 1048576K
}
Event: 8885.085 GC heap after
{Heap after GC invocations=552 (full 0):
 garbage-first heap   total 706560K, used 114635K [0x0000000704a00000, 0x0000000800000000)
  region size 2048K, 1 young (2048K), 1 survivors (2048K)
 Metaspace       used 92253K, committed 93120K, reserved 1179648K
  class space    used 11764K, committed 12288K, reserved 1048576K
}
Event: 8945.110 GC heap before
{Heap before GC invocations=553 (full 0):
 garbage-first heap   total 538624K, used 534475K [0x0000000704a00000, 0x0000000800000000)
  region size 2048K, 9 young (18432K), 1 survivors (2048K)
 Metaspace       used 92254K, committed 93120K, reserved 1179648K
  class space    used 11764K, committed 12288K, reserved 1048576K
}
Event: 8945.112 GC heap after
{Heap after GC invocations=554 (full 0):
 garbage-first heap   total 542720K, used 96145K [0x0000000704a00000, 0x0000000800000000)
  region size 2048K, 1 young (2048K), 1 survivors (2048K)
 Metaspace       used 92254K, committed 93120K, reserved 1179648K
  class space    used 11764K, committed 12288K, reserved 1048576K
}
Event: 9005.048 GC heap before
{Heap before GC invocations=554 (full 0):
 garbage-first heap   total 663552K, used 657297K [0x0000000704a00000, 0x0000000800000000)
  region size 2048K, 10 young (20480K), 1 survivors (2048K)
 Metaspace       used 92254K, committed 93120K, reserved 1179648K
  class space    used 11764K, committed 12288K, reserved 1048576K
}
Event: 9005.051 GC heap after
{Heap after GC invocations=555 (full 0):
 garbage-first heap   total 665600K, used 102575K [0x0000000704a00000, 0x0000000800000000)
  region size 2048K, 1 young (2048K), 1 survivors (2048K)
 Metaspace       used 92254K, committed 93120K, reserved 1179648K
  class space    used 11764K, committed 12288K, reserved 1048576K
}
Event: 9005.051 GC heap before
{Heap before GC invocations=555 (full 0):
 garbage-first heap   total 665600K, used 102575K [0x0000000704a00000, 0x0000000800000000)
  region size 2048K, 2 young (4096K), 1 survivors (2048K)
 Metaspace       used 92254K, committed 93120K, reserved 1179648K
  class space    used 11764K, committed 12288K, reserved 1048576K
}
Event: 9005.052 GC heap after
{Heap after GC invocations=556 (full 0):
 garbage-first heap   total 665600K, used 102819K [0x0000000704a00000, 0x0000000800000000)
  region size 2048K, 1 young (2048K), 1 survivors (2048K)
 Metaspace       used 92254K, committed 93120K, reserved 1179648K
  class space    used 11764K, committed 12288K, reserved 1048576K
}

